c:\users\iain\documents\projects\castlevania\castlevania\debug\vc120.pdb
c:\users\iain\documents\projects\castlevania\castlevania\debug\vc120.idb
c:\users\iain\documents\projects\castlevania\castlevania\debug\animation.obj
c:\users\iain\documents\projects\castlevania\castlevania\debug\main.obj
c:\users\iain\documents\projects\castlevania\castlevania\debug\player.obj
c:\users\iain\documents\projects\castlevania\castlevania\debug\texture2d.obj
c:\users\iain\documents\projects\castlevania\castlevania\debug\game.obj
c:\users\iain\documents\projects\castlevania\castlevania\debug\animationplayer.obj
c:\users\iain\documents\projects\castlevania\castlevania\debug\timer.obj
c:\users\iain\documents\projects\castlevania\castlevania\debug\level.obj
c:\users\iain\documents\projects\castlevania\castlevania\debug\tile.obj
c:\users\iain\documents\projects\castlevania\castlevania\debug\texturemanager.obj
c:\users\iain\documents\projects\castlevania\debug\castlevania.ilk
c:\users\iain\documents\projects\castlevania\debug\castlevania.exe
c:\users\iain\documents\projects\castlevania\debug\castlevania.pdb
c:\users\iain\documents\projects\castlevania\castlevania\debug\castlevania.tlog\cl.command.1.tlog
c:\users\iain\documents\projects\castlevania\castlevania\debug\castlevania.tlog\cl.read.1.tlog
c:\users\iain\documents\projects\castlevania\castlevania\debug\castlevania.tlog\cl.write.1.tlog
c:\users\iain\documents\projects\castlevania\castlevania\debug\castlevania.tlog\link.command.1.tlog
c:\users\iain\documents\projects\castlevania\castlevania\debug\castlevania.tlog\link.read.1.tlog
c:\users\iain\documents\projects\castlevania\castlevania\debug\castlevania.tlog\link.write.1.tlog
